(g,t,s)
0:(0,0,0)
1:(0,0,1)
2:(0,1,0)
3:(0,1,1)
4:(0,2,0)
5:(0,2,1)
6:(0,3,0)
7:(0,3,1)
8:(0,4,0)
9:(0,4,1)
10:(0,5,0)
11:(0,5,1)
12:(0,6,0)
13:(0,6,1)
14:(0,7,0)
15:(0,7,1)
16:(0,8,0)
17:(0,8,1)
18:(0,9,0)
19:(0,9,1)
20:(0,10,0)
21:(0,10,1)
22:(0,11,0)
23:(0,11,1)
24:(0,12,0)
25:(0,12,1)
26:(0,13,0)
27:(0,13,1)
28:(0,14,0)
29:(0,14,1)
30:(0,15,0)
31:(0,15,1)
32:(0,16,0)
33:(0,16,1)
34:(0,17,0)
35:(0,17,1)
36:(0,18,0)
37:(0,18,1)
38:(0,19,0)
39:(0,19,1)
40:(0,20,0)
41:(0,20,1)
42:(0,21,0)
43:(0,21,1)
44:(0,22,0)
45:(0,22,1)
46:(0,23,0)
47:(0,23,1)
48:(0,24,0)
49:(0,24,1)
50:(0,25,0)
51:(0,25,1)
52:(0,26,0)
53:(0,26,1)
54:(0,27,0)
55:(0,27,1)
56:(0,28,0)
57:(0,28,1)
58:(0,29,0)
59:(0,29,1)
60:(0,30,0)
61:(0,30,1)
62:(0,31,0)
63:(0,31,1)
64:(0,32,0)
65:(0,32,1)
66:(0,33,0)
67:(0,33,1)
68:(0,34,0)
69:(0,34,1)
70:(0,35,0)
71:(0,35,1)
72:(0,36,0)
73:(0,36,1)
74:(0,37,0)
75:(0,37,1)
76:(0,38,0)
77:(0,38,1)
78:(0,39,0)
79:(0,39,1)
80:(1,1,0)
81:(1,1,1)
82:(1,2,0)
83:(1,2,1)
84:(1,3,0)
85:(1,3,1)
86:(1,4,0)
87:(1,4,1)
88:(1,5,0)
89:(1,5,1)
90:(1,6,0)
91:(1,6,1)
92:(1,7,0)
93:(1,7,1)
94:(1,8,0)
95:(1,8,1)
96:(1,9,0)
97:(1,9,1)
98:(1,10,0)
99:(1,10,1)
100:(1,11,0)
101:(1,11,1)
102:(1,12,0)
103:(1,12,1)
104:(1,13,0)
105:(1,13,1)
106:(1,14,0)
107:(1,14,1)
108:(1,15,0)
109:(1,15,1)
110:(1,16,0)
111:(1,16,1)
112:(1,17,0)
113:(1,17,1)
114:(1,18,0)
115:(1,18,1)
116:(1,19,0)
117:(1,19,1)
118:(1,20,0)
119:(1,20,1)
120:(1,21,0)
121:(1,21,1)
122:(1,22,0)
123:(1,22,1)
124:(1,23,0)
125:(1,23,1)
126:(1,24,0)
127:(1,24,1)
128:(1,25,0)
129:(1,25,1)
130:(1,26,0)
131:(1,26,1)
132:(1,27,0)
133:(1,27,1)
134:(1,28,0)
135:(1,28,1)
136:(1,29,0)
137:(1,29,1)
138:(1,30,0)
139:(1,30,1)
140:(1,31,0)
141:(1,31,1)
142:(1,32,0)
143:(1,32,1)
144:(1,33,0)
145:(1,33,1)
146:(1,34,0)
147:(1,34,1)
148:(1,35,0)
149:(1,35,1)
150:(1,36,0)
151:(1,36,1)
152:(1,37,0)
153:(1,37,1)
154:(1,38,0)
155:(1,38,1)
156:(1,39,0)
157:(1,39,1)
158:(2,2,0)
159:(2,2,1)
160:(2,3,0)
161:(2,3,1)
162:(2,4,0)
163:(2,4,1)
164:(2,5,0)
165:(2,5,1)
166:(2,6,0)
167:(2,6,1)
168:(2,7,0)
169:(2,7,1)
170:(2,8,0)
171:(2,8,1)
172:(2,9,0)
173:(2,9,1)
174:(2,10,0)
175:(2,10,1)
176:(2,11,0)
177:(2,11,1)
178:(2,12,0)
179:(2,12,1)
180:(2,13,0)
181:(2,13,1)
182:(2,14,0)
183:(2,14,1)
184:(2,15,0)
185:(2,15,1)
186:(2,16,0)
187:(2,16,1)
188:(2,17,0)
189:(2,17,1)
190:(2,18,0)
191:(2,18,1)
192:(2,19,0)
193:(2,19,1)
194:(2,20,0)
195:(2,20,1)
196:(2,21,0)
197:(2,21,1)
198:(2,22,0)
199:(2,22,1)
200:(2,23,0)
201:(2,23,1)
202:(2,24,0)
203:(2,24,1)
204:(2,25,0)
205:(2,25,1)
206:(2,26,0)
207:(2,26,1)
208:(2,27,0)
209:(2,27,1)
210:(2,28,0)
211:(2,28,1)
212:(2,29,0)
213:(2,29,1)
214:(2,30,0)
215:(2,30,1)
216:(2,31,0)
217:(2,31,1)
218:(2,32,0)
219:(2,32,1)
220:(2,33,0)
221:(2,33,1)
222:(2,34,0)
223:(2,34,1)
224:(2,35,0)
225:(2,35,1)
226:(2,36,0)
227:(2,36,1)
228:(2,37,0)
229:(2,37,1)
230:(2,38,0)
231:(2,38,1)
232:(2,39,0)
233:(2,39,1)
234:(3,3,0)
235:(3,3,1)
236:(3,4,0)
237:(3,4,1)
238:(3,5,0)
239:(3,5,1)
240:(3,6,0)
241:(3,6,1)
242:(3,7,0)
243:(3,7,1)
244:(3,8,0)
245:(3,8,1)
246:(3,9,0)
247:(3,9,1)
248:(3,10,0)
249:(3,10,1)
250:(3,11,0)
251:(3,11,1)
252:(3,12,0)
253:(3,12,1)
254:(3,13,0)
255:(3,13,1)
256:(3,14,0)
257:(3,14,1)
258:(3,15,0)
259:(3,15,1)
260:(3,16,0)
261:(3,16,1)
262:(3,17,0)
263:(3,17,1)
264:(3,18,0)
265:(3,18,1)
266:(3,19,0)
267:(3,19,1)
268:(3,20,0)
269:(3,20,1)
270:(3,21,0)
271:(3,21,1)
272:(3,22,0)
273:(3,22,1)
274:(3,23,0)
275:(3,23,1)
276:(3,24,0)
277:(3,24,1)
278:(3,25,0)
279:(3,25,1)
280:(3,26,0)
281:(3,26,1)
282:(3,27,0)
283:(3,27,1)
284:(3,28,0)
285:(3,28,1)
286:(3,29,0)
287:(3,29,1)
288:(3,30,0)
289:(3,30,1)
290:(3,31,0)
291:(3,31,1)
292:(3,32,0)
293:(3,32,1)
294:(3,33,0)
295:(3,33,1)
296:(3,34,0)
297:(3,34,1)
298:(3,35,0)
299:(3,35,1)
300:(3,36,0)
301:(3,36,1)
302:(3,37,0)
303:(3,37,1)
304:(3,38,0)
305:(3,38,1)
306:(3,39,0)
307:(3,39,1)
308:(4,4,0)
309:(4,4,1)
310:(4,5,0)
311:(4,5,1)
312:(4,6,0)
313:(4,6,1)
314:(4,7,0)
315:(4,7,1)
316:(4,8,0)
317:(4,8,1)
318:(4,9,0)
319:(4,9,1)
320:(4,10,0)
321:(4,10,1)
322:(4,11,0)
323:(4,11,1)
324:(4,12,0)
325:(4,12,1)
326:(4,13,0)
327:(4,13,1)
328:(4,14,0)
329:(4,14,1)
330:(4,15,0)
331:(4,15,1)
332:(4,16,0)
333:(4,16,1)
334:(4,17,0)
335:(4,17,1)
336:(4,18,0)
337:(4,18,1)
338:(4,19,0)
339:(4,19,1)
340:(4,20,0)
341:(4,20,1)
342:(4,21,0)
343:(4,21,1)
344:(4,22,0)
345:(4,22,1)
346:(4,23,0)
347:(4,23,1)
348:(4,24,0)
349:(4,24,1)
350:(4,25,0)
351:(4,25,1)
352:(4,26,0)
353:(4,26,1)
354:(4,27,0)
355:(4,27,1)
356:(4,28,0)
357:(4,28,1)
358:(4,29,0)
359:(4,29,1)
360:(4,30,0)
361:(4,30,1)
362:(4,31,0)
363:(4,31,1)
364:(4,32,0)
365:(4,32,1)
366:(4,33,0)
367:(4,33,1)
368:(4,34,0)
369:(4,34,1)
370:(4,35,0)
371:(4,35,1)
372:(4,36,0)
373:(4,36,1)
374:(4,37,0)
375:(4,37,1)
376:(4,38,0)
377:(4,38,1)
378:(4,39,0)
379:(4,39,1)
380:(5,5,0)
381:(5,5,1)
382:(5,6,0)
383:(5,6,1)
384:(5,7,0)
385:(5,7,1)
386:(5,8,0)
387:(5,8,1)
388:(5,9,0)
389:(5,9,1)
390:(5,10,0)
391:(5,10,1)
392:(5,11,0)
393:(5,11,1)
394:(5,12,0)
395:(5,12,1)
396:(5,13,0)
397:(5,13,1)
398:(5,14,0)
399:(5,14,1)
400:(5,15,0)
401:(5,15,1)
402:(5,16,0)
403:(5,16,1)
404:(5,17,0)
405:(5,17,1)
406:(5,18,0)
407:(5,18,1)
408:(5,19,0)
409:(5,19,1)
410:(5,20,0)
411:(5,20,1)
412:(5,21,0)
413:(5,21,1)
414:(5,22,0)
415:(5,22,1)
416:(5,23,0)
417:(5,23,1)
418:(5,24,0)
419:(5,24,1)
420:(5,25,0)
421:(5,25,1)
422:(5,26,0)
423:(5,26,1)
424:(5,27,0)
425:(5,27,1)
426:(5,28,0)
427:(5,28,1)
428:(5,29,0)
429:(5,29,1)
430:(5,30,0)
431:(5,30,1)
432:(5,31,0)
433:(5,31,1)
434:(5,32,0)
435:(5,32,1)
436:(5,33,0)
437:(5,33,1)
438:(5,34,0)
439:(5,34,1)
440:(5,35,0)
441:(5,35,1)
442:(5,36,0)
443:(5,36,1)
444:(5,37,0)
445:(5,37,1)
446:(5,38,0)
447:(5,38,1)
448:(5,39,0)
449:(5,39,1)
